Unity Player [version: Unity 5.5.0f3_38b4efef76f0]

Unknown caused an Access Violation (0xc0000005)
  in module Unknown at 0023:0fda8720.

Error occurred at 2017-05-05_161728.
C:\Users\seeb\Desktop\tpro\UFG\AmateurFighter3TURDSTRIKE.exe, run by seeb.
28% memory in use.
0 MB physical memory [0 MB free].
0 MB paging file [0 MB free].
0 MB user address space [3651 MB free].
Write to location 0fda8720 caused an access violation.

Context:
EDI:    0x021b45a0  ESI: 0x0fda8720  EAX:   0x021cb188
EBX:    0x00000000  ECX: 0x0fda8720  EDX:   0x684f9d80
EIP:    0x0fda8720  EBP: 0x01effb10  SegCs: 0x00000023
EFlags: 0x00210283  ESP: 0x01effafc  SegSs: 0x0000002b

Bytes at CS:EIP:
c0 ad da 0f ff ff ff ff ff ff ff ff 00 00 00 00 

Stack:
0x01effafc: 68516ba5 021b45a0 04000220 04da2a00 .kQh.E.. ....*..
0x01effb0c: 9875bbf6 01effb24 00fb9f44 021b49fc ..u.$...D....I..
0x01effb1c: 04da4e10 00000001 01effb3c 00fc4868 .N......<...hH..
0x01effb2c: 04007470 04da2a00 00000000 00000000 pt...*..........
0x01effb3c: 01effb48 00fc536b 04da2a00 01effb70 H...kS...*..p...
0x01effb4c: 00b30855 00000000 0462d620 00fde240 U....... .b.@...
0x01effb5c: 00000000 00000000 0462d620 00fde49b ........ .b.....
0x01effb6c: 04da11e0 01effb90 00fdcfdb 00000001 ................
0x01effb7c: 00000000 04da11e0 00000000 003b2f70 ............p/;.
0x01effb8c: 003b2f6c 01effb9c 00fdd77b 04da11e0 l/;.....{.......
0x01effb9c: 01effce4 00b307f3 00000000 00000001 ................
0x01effbac: 00f8589e 00f880a7 0105fe0b 00000000 .X..............
0x01effbbc: 01d2e000 03fe3bc0 01c0003f 000001ff .....;..?.......
0x01effbcc: 00000000 00000046 0000004f 00001fff ....F...O.......
0x01effbdc: 03fe3b70 7fffffff 01effc14 0107e6c0 p;..............
0x01effbec: 0000004b 0000004f 0000000f 0000000f K...O...........
0x01effbfc: 7fffffff 00000000 018f0a80 03ec16b0 ................
0x01effc0c: 0000000f 01effc00 01effc44 0107c00c ........D.......
0x01effc1c: 03ec1f18 01862d48 0000000f 01effc34 ....H-......4...
0x01effc2c: 7fffffff 03fe3cb0 018f0a80 03ec16b0 .....<..........
0x01effc3c: 03ec05a8 0000004c 0000004f 0106d3be ....L...O.......
0x01effc4c: 03fdfb10 01862d48 0000000f 00000000 ....H-..........
0x01effc5c: 0000003d 0000003f 01effba0 616e614d =...?.......Mana
0x01effc6c: 00646567 6c65746e 00000000 00000007 ged.ntel........
0x01effc7c: 0000000f 01862d48 03fdfa10 03fdfa48 ....H-......H...
0x01effc8c: 03fdfa48 0000000d 03d13ec0 65646900 H........>...ide
0x01effc9c: 646e6957 6c00776f 01ef006c 00000000 Window.ll.......
0x01effcac: 0000000f 00000000 00000000 65726100 .............are
0x01effcbc: 5748746e 0100444e 02173625 00000000 ntHWND..%6......
0x01effccc: 0000000f 00000000 03d13ec0 03d13f00 .........>...?..
0x01effcdc: 00000000 00100801 01effcfc 010274f8 .............t..
0x01effcec: 008d0000 00000000 02173627 00000001 ........'6......
0x01effcfc: 01effd8c 0105fdb8 008d0000 00000000 ................
0x01effd0c: 02173627 00000001 e6f72feb 0105fe0b '6......./......
0x01effd1c: 0105fe0b 01d2e000 00000044 02171ed8 ........D.......
0x01effd2c: 02171eb8 02171e3e 00000000 00000000 ....>...........
0x01effd3c: 00000000 00000000 00000000 00000000 ................
0x01effd4c: 00000000 00000401 00000001 00000000 ................
0x01effd5c: 00000000 00010001 00000000 c0000005 ................
0x01effd6c: 0105fe0b 00000000 01effd14 01eff184 ................
0x01effd7c: 01effdd8 01061710 e695c5cf 00000000 ................
0x01effd8c: 01effda0 74168744 01d2e000 74168720 ....D..t.... ..t
0x01effd9c: b45194c5 01effde8 7768587d 01d2e000 ..Q.....}Xhw....
0x01effdac: 594afdfe 00000000 00000000 01d2e000 ..JY............
0x01effdbc: c0000005 00000000 01eff160 76a6a0a0 ........`......v
0x01effdcc: 594afdfe 01effdac 01eff160 01effdf0 ..JY....`.......
0x01effddc: 7769a000 2fd7013e 00000000 01effdf8 ..iw>../........
0x01effdec: 7768584d ffffffff 776a6320 00000000 MXhw.... cjw....
0x01effdfc: 00000000 0105fe0b 01d2e000 00000000 ................
0x01effe0c: 00000000 00000000 00000000 00000000 ................
0x01effe1c: 00000000 00000000 00000000 00000000 ................
0x01effe2c: 00000000 00000000 00000000 00000000 ................
0x01effe3c: 00000000 00000000 00000000 00000000 ................
0x01effe4c: 00000000 00000000 00000000 00000000 ................
0x01effe5c: 00000000 00000000 00000000 00000000 ................
0x01effe6c: 00000000 00000000 00000000 00000000 ................
0x01effe7c: 00000000 00000000 00000000 00000000 ................
0x01effe8c: 00000000 00000000 00000000 00000000 ................
0x01effe9c: 00000000 00000000 00000000 00000000 ................
0x01effeac: 00000000 00000000 00000000 00000000 ................
0x01effebc: 00000000 00000000 00000000 00000000 ................
0x01effecc: 00000000 00000000 00000000 00000000 ................
0x01effedc: 00000000 00000000 00000000 00000000 ................
0x01effeec: 00000000 00000000 00000000 00000000 ................
0x01effefc: 00000000 00000000 00000000 00000000 ................
0x01efff0c: 00000000 00000000 00000000 00000000 ................
0x01efff1c: 00000000 00000000 00000000 00000000 ................
0x01efff2c: 00000000 00000000 00000000 00000000 ................
0x01efff3c: 00000000 00000000 00000000 00000000 ................
0x01efff4c: 00000000 00000000 00000000 00000000 ................
0x01efff5c: 00000000 00000000 00000000 00000000 ................
0x01efff6c: 00000000 00000000 00000000 00000000 ................
0x01efff7c: 00000000 00000000 00000000 00000000 ................
0x01efff8c: 00000000 00000000 00000000 00000000 ................
0x01efff9c: 00000000 00000000 00000000 00000000 ................
0x01efffac: 00000000 00000000 00000000 00000000 ................
0x01efffbc: 00000000 00000000 00000000 00000000 ................
0x01efffcc: 00000000 00000000 00000000 00000000 ................
0x01efffdc: 00000000 00000000 00000000 00000000 ................
0x01efffec: 00000000 00000000 00000000 00000000 ................
0x01effffc: 00000000                            ....

Module 1
C:\Users\seeb\Desktop\tpro\UFG\AmateurFighter3TURDSTRIKE.exe
Image Base: 0x008d0000  Image Size: 0x0122e000
File Size:  18200576    File Time:  2016-11-24_154838
Version:
   Company:    
   Product:    
   FileDesc:   
   FileVer:    5.5.0.46319
   ProdVer:    5.5.0.46319

Module 2
C:\PROGRA~2\RAPTRI~1\Raptr\ltc_help32-119906.dll
Image Base: 0x0f1b0000  Image Size: 0x00026000
File Size:  138448      File Time:  2017-05-04_183330
Version:
   Company:    Raptr Inc.
   Product:    Raptr In-Game Overlay
   FileDesc:   Help Module
   FileVer:    1.0.0.1
   ProdVer:    1.0.0.1

Module 3
C:\Users\seeb\Desktop\tpro\UFG\AmateurFighter3TURDSTRIKE_Data\Mono\mono.dll
Image Base: 0x10000000  Image Size: 0x00231000
File Size:  2115008     File Time:  2016-11-24_160056
Version:
   Company:    Unity Technologies
   Product:    libmono
   FileDesc:   Unity Technologies fork of mono runtime
   FileVer:    1.0.0.1
   ProdVer:    1.0.0.1

Module 4
C:\WINDOWS\SYSTEM32\GLU32.dll
Image Base: 0x5a0e0000  Image Size: 0x00025000
File Size:  138240      File Time:  2017-03-18_215852
Version:
   Company:    Microsoft Corporation
   Product:    Microsoft® Windows® Operating System
   FileDesc:   OpenGL Utility Library DLL
   FileVer:    10.0.15063.0
   ProdVer:    10.0.15063.0

Module 5
C:\WINDOWS\SYSTEM32\OPENGL32.dll
Image Base: 0x5a6d0000  Image Size: 0x000df000
File Size:  776704      File Time:  2017-03-18_215852
Version:
   Company:    Microsoft Corporation
   Product:    Microsoft® Windows® Operating System
   FileDesc:   OpenGL Client DLL
   FileVer:    10.0.15063.0
   ProdVer:    10.0.15063.0

Module 6
C:\PROGRA~2\RAPTRI~1\Raptr\ltc_game32-119906.dll
Image Base: 0x5e940000  Image Size: 0x001e2000
File Size:  1874128     File Time:  2017-05-04_183344
Version:
   Company:    Raptr Inc.
   Product:    Raptr In-Game Overlay
   FileDesc:   Game Module
   FileVer:    1.0.0.1
   ProdVer:    1.0.0.1

Module 7
C:\WINDOWS\SYSTEM32\CoreUIComponents.dll
Image Base: 0x671e0000  Image Size: 0x00227000
File Size:  2259760     File Time:  2017-03-18_215846
Version:
   Company:    Microsoft Corporation
   Product:    Microsoft® Windows® Operating System
   FileDesc:   Microsoft Core UI Components Dll
   FileVer:    10.0.15063.0
   ProdVer:    10.0.15063.0

Module 8
C:\WINDOWS\SYSTEM32\CoreMessaging.dll
Image Base: 0x67410000  Image Size: 0x0008f000
File Size:  583160      File Time:  2017-03-18_215846
Version:
   Company:    Microsoft Corporation
   Product:    Microsoft® Windows® Operating System
   FileDesc:   Microsoft CoreMessaging Dll
   FileVer:    10.0.15063.0
   ProdVer:    10.0.15063.0

Module 9
C:\WINDOWS\SYSTEM32\TextInputFramework.dll
Image Base: 0x674a0000  Image Size: 0x00067000
File Size:  401920      File Time:  2017-03-18_215846
Version:
   Company:    Microsoft Corporation
   Product:    Microsoft® Windows® Operating System
   FileDesc:   "TextInputFramework.DYNLINK"
   FileVer:    10.0.15063.0
   ProdVer:    10.0.15063.0

Module 10
C:\WINDOWS\SYSTEM32\dxgi.dll
Image Base: 0x683d0000  Image Size: 0x0008a000
File Size:  551200      File Time:  2017-03-18_215854
Version:
   Company:    Microsoft Corporation
   Product:    Microsoft® Windows® Operating System
   FileDesc:   DirectX Graphics Infrastructure
   FileVer:    10.0.15063.0
   ProdVer:    10.0.15063.0

Module 11
C:\WINDOWS\SYSTEM32\d3d11.dll
Image Base: 0x68460000  Image Size: 0x00252000
File Size:  2417840     File Time:  2017-03-18_215854
Version:
   Company:    Microsoft Corporation
   Product:    Microsoft® Windows® Operating System
   FileDesc:   Direct3D 11 Runtime
   FileVer:    10.0.15063.0
   ProdVer:    10.0.15063.0

Module 12
C:\WINDOWS\SYSTEM32\midimap.dll
Image Base: 0x69700000  Image Size: 0x00008000
File Size:  18944       File Time:  2017-03-18_215846
Version:
   Company:    Microsoft Corporation
   Product:    Microsoft® Windows® Operating System
   FileDesc:   Microsoft MIDI Mapper
   FileVer:    10.0.15063.0
   ProdVer:    10.0.15063.0

Module 13
C:\WINDOWS\SYSTEM32\wintypes.dll
Image Base: 0x69710000  Image Size: 0x000d1000
File Size:  856416      File Time:  2017-03-18_215850
Version:
   Company:    Microsoft Corporation
   Product:    Microsoft® Windows® Operating System
   FileDesc:   Windows Base Types DLL
   FileVer:    10.0.15063.0
   ProdVer:    10.0.15063.0

Module 14
C:\WINDOWS\SYSTEM32\AUDIOSES.DLL
Image Base: 0x697f0000  Image Size: 0x000d7000
File Size:  864240      File Time:  2017-03-18_215840
Version:
   Company:    Microsoft Corporation
   Product:    Microsoft® Windows® Operating System
   FileDesc:   Audio Session
   FileVer:    10.0.15063.0
   ProdVer:    10.0.15063.0

Module 15
C:\WINDOWS\system32\wbem\fastprox.dll
Image Base: 0x69940000  Image Size: 0x000c0000
File Size:  770560      File Time:  2017-03-18_215852
Version:
   Company:    Microsoft Corporation
   Product:    Microsoft® Windows® Operating System
   FileDesc:   WMI Custom Marshaller
   FileVer:    10.0.15063.0
   ProdVer:    10.0.15063.0

Module 16
C:\WINDOWS\system32\wbem\wbemsvc.dll
Image Base: 0x69a00000  Image Size: 0x00010000
File Size:  48640       File Time:  2017-03-18_215850
Version:
   Company:    Microsoft Corporation
   Product:    Microsoft® Windows® Operating System
   FileDesc:   WMI
   FileVer:    10.0.15063.0
   ProdVer:    10.0.15063.0

Module 17
C:\WINDOWS\SYSTEM32\wbemcomn.dll
Image Base: 0x69a40000  Image Size: 0x00068000
File Size:  399360      File Time:  2017-03-18_215850
Version:
   Company:    Microsoft Corporation
   Product:    Microsoft® Windows® Operating System
   FileDesc:   WMI
   FileVer:    10.0.15063.0
   ProdVer:    10.0.15063.0

Module 18
C:\WINDOWS\system32\uxtheme.dll
Image Base: 0x69b30000  Image Size: 0x00078000
File Size:  474112      File Time:  2017-03-18_215858
Version:
   Company:    Microsoft Corporation
   Product:    Microsoft® Windows® Operating System
   FileDesc:   Microsoft UxTheme Library
   FileVer:    10.0.15063.0
   ProdVer:    10.0.15063.0

Module 19
C:\WINDOWS\WinSxS\x86_microsoft.windows.common-controls_6595b64144ccf1df_6.0.15063.0_none_583b8639f462029f\comctl32.dll
Image Base: 0x69fa0000  Image Size: 0x0020e000
File Size:  2139040     File Time:  2017-03-18_215900
Version:
   Company:    Microsoft Corporation
   Product:    Microsoft® Windows® Operating System
   FileDesc:   User Experience Controls Library
   FileVer:    6.10.15063.0
   ProdVer:    10.0.15063.0

Module 20
C:\WINDOWS\SYSTEM32\MSACM32.dll
Image Base: 0x6a1b0000  Image Size: 0x00018000
File Size:  90456       File Time:  2017-03-18_215840
Version:
   Company:    Microsoft Corporation
   Product:    Microsoft® Windows® Operating System
   FileDesc:   Microsoft ACM Audio Filter
   FileVer:    10.0.15063.0
   ProdVer:    10.0.15063.0

Module 21
C:\WINDOWS\SYSTEM32\ksuser.dll
Image Base: 0x6a260000  Image Size: 0x00007000
File Size:  20216       File Time:  2017-03-18_215840
Version:
   Company:    Microsoft Corporation
   Product:    Microsoft® Windows® Operating System
   FileDesc:   User CSA Library
   FileVer:    10.0.15063.0
   ProdVer:    10.0.15063.0

Module 22
C:\WINDOWS\SYSTEM32\AVRT.dll
Image Base: 0x6a270000  Image Size: 0x00009000
File Size:  28992       File Time:  2017-03-18_215840
Version:
   Company:    Microsoft Corporation
   Product:    Microsoft® Windows® Operating System
   FileDesc:   Multimedia Realtime Runtime
   FileVer:    10.0.15063.0
   ProdVer:    10.0.15063.0

Module 23
C:\WINDOWS\SYSTEM32\wdmaud.drv
Image Base: 0x6a280000  Image Size: 0x00039000
File Size:  209920      File Time:  2017-03-18_215840
Version:
   Company:    Microsoft Corporation
   Product:    Microsoft® Windows® Operating System
   FileDesc:   Winmm  audio system driver
   FileVer:    10.0.15063.0
   ProdVer:    10.0.15063.0

Module 24
C:\WINDOWS\System32\MMDevApi.dll
Image Base: 0x6a2c0000  Image Size: 0x0005a000
File Size:  356992      File Time:  2017-03-18_215840
Version:
   Company:    Microsoft Corporation
   Product:    Microsoft® Windows® Operating System
   FileDesc:   MMDevice API
   FileVer:    10.0.15063.0
   ProdVer:    10.0.15063.0

Module 25
C:\WINDOWS\System32\fwpuclnt.dll
Image Base: 0x6a690000  Image Size: 0x0004a000
File Size:  285184      File Time:  2017-03-18_215850
Version:
   Company:    Microsoft Corporation
   Product:    Microsoft® Windows® Operating System
   FileDesc:   FWP/IPsec User-Mode API
   FileVer:    10.0.15063.0
   ProdVer:    10.0.15063.0

Module 26
C:\WINDOWS\SYSTEM32\ntmarta.dll
Image Base: 0x6c270000  Image Size: 0x00028000
File Size:  152440      File Time:  2017-03-18_215852
Version:
   Company:    Microsoft Corporation
   Product:    Microsoft® Windows® Operating System
   FileDesc:   Windows NT MARTA provider
   FileVer:    10.0.15063.0
   ProdVer:    10.0.15063.0

Module 27
C:\WINDOWS\system32\wbem\wbemprox.dll
Image Base: 0x6e2a0000  Image Size: 0x0000d000
File Size:  35840       File Time:  2017-03-18_215850
Version:
   Company:    Microsoft Corporation
   Product:    Microsoft® Windows® Operating System
   FileDesc:   WMI
   FileVer:    10.0.15063.0
   ProdVer:    10.0.15063.0

Module 28
C:\WINDOWS\system32\dwmapi.dll
Image Base: 0x6e2e0000  Image Size: 0x00023000
File Size:  125344      File Time:  2017-03-18_215900
Version:
   Company:    Microsoft Corporation
   Product:    Microsoft® Windows® Operating System
   FileDesc:   Microsoft Desktop Window Manager API
   FileVer:    10.0.15063.0
   ProdVer:    10.0.15063.0

Module 29
C:\WINDOWS\SYSTEM32\HID.DLL
Image Base: 0x6e310000  Image Size: 0x0000a000
File Size:  25600       File Time:  2017-03-18_215850
Version:
   Company:    Microsoft Corporation
   Product:    Microsoft® Windows® Operating System
   FileDesc:   Hid User Library
   FileVer:    10.0.15063.0
   ProdVer:    10.0.15063.0

Module 30
C:\WINDOWS\SYSTEM32\msacm32.drv
Image Base: 0x6e5e0000  Image Size: 0x0000a000
File Size:  24576       File Time:  2017-03-18_215846
Version:
   Company:    Microsoft Corporation
   Product:    Microsoft® Windows® Operating System
   FileDesc:   Microsoft Sound Mapper
   FileVer:    10.0.15063.0
   ProdVer:    10.0.15063.0

Module 31
C:\WINDOWS\SYSTEM32\usermgrcli.dll
Image Base: 0x6e610000  Image Size: 0x00010000
File Size:  55872       File Time:  2017-03-18_215850
Version:
   Company:    Microsoft Corporation
   Product:    Microsoft® Windows® Operating System
   FileDesc:   UserMgr API DLL
   FileVer:    10.0.15063.0
   ProdVer:    10.0.15063.0

Module 32
C:\WINDOWS\System32\DEVOBJ.dll
Image Base: 0x6e680000  Image Size: 0x00022000
File Size:  131784      File Time:  2017-03-18_215850
Version:
   Company:    Microsoft Corporation
   Product:    Microsoft® Windows® Operating System
   FileDesc:   Device Information Set DLL
   FileVer:    10.0.15063.0
   ProdVer:    10.0.15063.0

Module 33
C:\Windows\System32\cryptnet.dll
Image Base: 0x6e6b0000  Image Size: 0x00025000
File Size:  135168      File Time:  2017-03-18_215850
Version:
   Company:    Microsoft Corporation
   Product:    Microsoft® Windows® Operating System
   FileDesc:   Crypto Network Related API
   FileVer:    10.0.15063.0
   ProdVer:    10.0.15063.0

Module 34
C:\WINDOWS\System32\PROPSYS.dll
Image Base: 0x6eac0000  Image Size: 0x00164000
File Size:  1465360     File Time:  2017-03-18_215852
Version:
   Company:    Microsoft Corporation
   Product:    Windows® Search
   FileDesc:   Microsoft Property System
   FileVer:    7.0.15063.0
   ProdVer:    7.0.15063.0

Module 35
C:\WINDOWS\system32\rsaenh.dll
Image Base: 0x70dc0000  Image Size: 0x0002f000
File Size:  183448      File Time:  2017-03-18_215848
Version:
   Company:    Microsoft Corporation
   Product:    Microsoft® Windows® Operating System
   FileDesc:   Microsoft Enhanced Cryptographic Provider
   FileVer:    10.0.15063.0
   ProdVer:    10.0.15063.0

Module 36
C:\WINDOWS\System32\CRYPTSP.dll
Image Base: 0x70e10000  Image Size: 0x00013000
File Size:  67760       File Time:  2017-03-18_215850
Version:
   Company:    Microsoft Corporation
   Product:    Microsoft® Windows® Operating System
   FileDesc:   Cryptographic Service Provider API
   FileVer:    10.0.15063.0
   ProdVer:    10.0.15063.0

Module 37
C:\Windows\System32\rasadhlp.dll
Image Base: 0x71ab0000  Image Size: 0x00008000
File Size:  12800       File Time:  2017-03-18_215846
Version:
   Company:    Microsoft Corporation
   Product:    Microsoft® Windows® Operating System
   FileDesc:   Remote Access AutoDial Helper
   FileVer:    10.0.15063.0
   ProdVer:    10.0.15063.0

Module 38
C:\WINDOWS\SYSTEM32\WINNSI.DLL
Image Base: 0x71d50000  Image Size: 0x00008000
File Size:  26912       File Time:  2017-03-18_215736
Version:
   Company:    Microsoft Corporation
   Product:    Microsoft® Windows® Operating System
   FileDesc:   Network Store Information RPC interface
   FileVer:    10.0.15063.0
   ProdVer:    10.0.15063.0

Module 39
C:\WINDOWS\SYSTEM32\gpapi.dll
Image Base: 0x72070000  Image Size: 0x0001e000
File Size:  111128      File Time:  2017-03-18_215844
Version:
   Company:    Microsoft Corporation
   Product:    Microsoft® Windows® Operating System
   FileDesc:   Group Policy Client API
   FileVer:    10.0.15063.0
   ProdVer:    10.0.15063.0

Module 40
C:\WINDOWS\SYSTEM32\bcrypt.dll
Image Base: 0x72690000  Image Size: 0x00018000
File Size:  93536       File Time:  2017-03-18_215848
Version:
   Company:    Microsoft Corporation
   Product:    Microsoft® Windows® Operating System
   FileDesc:   Windows Cryptographic Primitives Library
   FileVer:    10.0.15063.0
   ProdVer:    10.0.15063.0

Module 41
C:\WINDOWS\SYSTEM32\dhcpcsvc.DLL
Image Base: 0x72770000  Image Size: 0x00014000
File Size:  62976       File Time:  2017-03-18_215846
Version:
   Company:    Microsoft Corporation
   Product:    Microsoft® Windows® Operating System
   FileDesc:   DHCP Client Service
   FileVer:    10.0.15063.0
   ProdVer:    10.0.15063.0

Module 42
C:\WINDOWS\SYSTEM32\dhcpcsvc6.DLL
Image Base: 0x727b0000  Image Size: 0x00013000
File Size:  57344       File Time:  2017-03-18_215846
Version:
   Company:    Microsoft Corporation
   Product:    Microsoft® Windows® Operating System
   FileDesc:   DHCPv6 Client
   FileVer:    10.0.15063.0
   ProdVer:    10.0.15063.0

Module 43
C:\WINDOWS\SYSTEM32\WINMMBASE.dll
Image Base: 0x72f00000  Image Size: 0x00023000
File Size:  129736      File Time:  2017-03-18_215846
Version:
   Company:    Microsoft Corporation
   Product:    Microsoft® Windows® Operating System
   FileDesc:   Base Multimedia Extension API DLL
   FileVer:    10.0.15063.0
   ProdVer:    10.0.15063.0

Module 44
C:\WINDOWS\SYSTEM32\WINMM.dll
Image Base: 0x732d0000  Image Size: 0x00024000
File Size:  135440      File Time:  2017-03-18_215846
Version:
   Company:    Microsoft Corporation
   Product:    Microsoft® Windows® Operating System
   FileDesc:   MCI API DLL
   FileVer:    10.0.15063.0
   ProdVer:    10.0.15063.0

Module 45
C:\WINDOWS\SYSTEM32\MSWSOCK.dll
Image Base: 0x73390000  Image Size: 0x0004e000
File Size:  305568      File Time:  2017-03-18_215846
Version:
   Company:    Microsoft Corporation
   Product:    Microsoft® Windows® Operating System
   FileDesc:   Microsoft Windows Sockets 2.0 Service Provider
   FileVer:    10.0.15063.0
   ProdVer:    10.0.15063.0

Module 46
C:\WINDOWS\SYSTEM32\DNSAPI.dll
Image Base: 0x735b0000  Image Size: 0x0007f000
File Size:  508344      File Time:  2017-03-18_215846
Version:
   Company:    Microsoft Corporation
   Product:    Microsoft® Windows® Operating System
   FileDesc:   DNS Client API DLL
   FileVer:    10.0.15063.0
   ProdVer:    10.0.15063.0

Module 47
C:\WINDOWS\SYSTEM32\IPHLPAPI.DLL
Image Base: 0x73870000  Image Size: 0x0002f000
File Size:  187544      File Time:  2017-03-18_215846
Version:
   Company:    Microsoft Corporation
   Product:    Microsoft® Windows® Operating System
   FileDesc:   IP Helper API
   FileVer:    10.0.15063.0
   ProdVer:    10.0.15063.0

Module 48
C:\WINDOWS\SYSTEM32\WINHTTP.dll
Image Base: 0x73b00000  Image Size: 0x000ad000
File Size:  703576      File Time:  2017-03-18_215850
Version:
   Company:    Microsoft Corporation
   Product:    Microsoft® Windows® Operating System
   FileDesc:   Windows HTTP Services
   FileVer:    10.0.15063.0
   ProdVer:    10.0.15063.0

Module 49
C:\WINDOWS\SYSTEM32\VERSION.dll
Image Base: 0x73bb0000  Image Size: 0x00008000
File Size:  27424       File Time:  2017-03-18_215900
Version:
   Company:    Microsoft Corporation
   Product:    Microsoft® Windows® Operating System
   FileDesc:   Version Checking and File Installation Libraries
   FileVer:    10.0.15063.0
   ProdVer:    10.0.15063.0

Module 50
C:\WINDOWS\SYSTEM32\dbghelp.dll
Image Base: 0x73e10000  Image Size: 0x0015d000
File Size:  1285120     File Time:  2017-04-27_033626
Version:
   Company:    Microsoft Corporation
   Product:    Microsoft® Windows® Operating System
   FileDesc:   Windows Image Helper
   FileVer:    10.0.15063.250
   ProdVer:    10.0.15063.250

Module 51
C:\WINDOWS\System32\CRYPTBASE.dll
Image Base: 0x740e0000  Image Size: 0x0000a000
File Size:  31592       File Time:  2017-03-18_215846
Version:
   Company:    Microsoft Corporation
   Product:    Microsoft® Windows® Operating System
   FileDesc:   Base cryptographic API DLL
   FileVer:    10.0.15063.0
   ProdVer:    10.0.15063.0

Module 52
C:\WINDOWS\System32\SspiCli.dll
Image Base: 0x740f0000  Image Size: 0x00020000
File Size:  124544      File Time:  2017-03-18_215846
Version:
   Company:    Microsoft Corporation
   Product:    Microsoft® Windows® Operating System
   FileDesc:   Security Support Provider Interface
   FileVer:    10.0.15063.0
   ProdVer:    10.0.15063.0

Module 53
C:\WINDOWS\System32\cfgmgr32.dll
Image Base: 0x74110000  Image Size: 0x00039000
File Size:  226816      File Time:  2017-03-18_215850
Version:
   Company:    Microsoft Corporation
   Product:    Microsoft® Windows® Operating System
   FileDesc:   Configuration Manager DLL
   FileVer:    10.0.15063.0
   ProdVer:    10.0.15063.0

Module 54
C:\WINDOWS\System32\KERNEL32.DLL
Image Base: 0x74150000  Image Size: 0x000d0000
File Size:  599576      File Time:  2017-03-18_215842
Version:
   Company:    Microsoft Corporation
   Product:    Microsoft® Windows® Operating System
   FileDesc:   Windows NT BASE API Client DLL
   FileVer:    10.0.15063.0
   ProdVer:    10.0.15063.0

Module 55
C:\WINDOWS\System32\ucrtbase.dll
Image Base: 0x74220000  Image Size: 0x00118000
File Size:  1150776     File Time:  2017-03-18_215846
Version:
   Company:    Microsoft Corporation
   Product:    Microsoft® Windows® Operating System
   FileDesc:   Microsoft® C Runtime Library
   FileVer:    10.0.15063.0
   ProdVer:    10.0.15063.0

Module 56
C:\WINDOWS\System32\imagehlp.dll
Image Base: 0x74340000  Image Size: 0x00019000
File Size:  95584       File Time:  2017-04-27_033626
Version:
   Company:    Microsoft Corporation
   Product:    Microsoft® Windows® Operating System
   FileDesc:   Windows NT Image Helper
   FileVer:    10.0.15063.168
   ProdVer:    10.0.15063.168

Module 57
C:\WINDOWS\System32\GDI32.dll
Image Base: 0x74360000  Image Size: 0x00021000
File Size:  129184      File Time:  2017-03-18_215856
Version:
   Company:    Microsoft Corporation
   Product:    Microsoft® Windows® Operating System
   FileDesc:   GDI Client DLL
   FileVer:    10.0.15063.0
   ProdVer:    10.0.15063.0

Module 58
C:\WINDOWS\System32\windows.storage.dll
Image Base: 0x74500000  Image Size: 0x00584000
File Size:  5820984     File Time:  2017-03-18_215854
Version:
   Company:    Microsoft Corporation
   Product:    Microsoft® Windows® Operating System
   FileDesc:   Microsoft WinRT Storage API
   FileVer:    10.0.15063.0
   ProdVer:    10.0.15063.0

Module 59
C:\WINDOWS\System32\powrprof.dll
Image Base: 0x74eb0000  Image Size: 0x00045000
File Size:  276400      File Time:  2017-03-18_215850
Version:
   Company:    Microsoft Corporation
   Product:    Microsoft® Windows® Operating System
   FileDesc:   Power Profile Helper DLL
   FileVer:    10.0.15063.0
   ProdVer:    10.0.15063.0

Module 60
C:\WINDOWS\System32\SHELL32.dll
Image Base: 0x74f60000  Image Size: 0x01348000
File Size:  20374424    File Time:  2017-04-27_033630
Version:
   Company:    Microsoft Corporation
   Product:    Microsoft® Windows® Operating System
   FileDesc:   Windows Shell Common Dll
   FileVer:    10.0.15063.250
   ProdVer:    10.0.15063.250

Module 61
C:\WINDOWS\System32\WINTRUST.dll
Image Base: 0x762b0000  Image Size: 0x00044000
File Size:  276880      File Time:  2017-03-18_215848
Version:
   Company:    Microsoft Corporation
   Product:    Microsoft® Windows® Operating System
   FileDesc:   Microsoft Trust Verification APIs
   FileVer:    10.0.15063.0
   ProdVer:    10.0.15063.0

Module 62
C:\WINDOWS\System32\CRYPT32.dll
Image Base: 0x76310000  Image Size: 0x0017d000
File Size:  1557288     File Time:  2017-03-18_215848
Version:
   Company:    Microsoft Corporation
   Product:    Microsoft® Windows® Operating System
   FileDesc:   Crypto API32
   FileVer:    10.0.15063.0
   ProdVer:    10.0.15063.0

Module 63
C:\WINDOWS\System32\win32u.dll
Image Base: 0x76490000  Image Size: 0x00016000
File Size:  81176       File Time:  2017-03-18_215900
Version:
   Company:    Microsoft Corporation
   Product:    Microsoft® Windows® Operating System
   FileDesc:   Win32u
   FileVer:    10.0.15063.0
   ProdVer:    10.0.15063.0

Module 64
C:\WINDOWS\System32\combase.dll
Image Base: 0x764b0000  Image Size: 0x00238000
File Size:  2328984     File Time:  2017-03-18_215850
Version:
   Company:    Microsoft Corporation
   Product:    Microsoft® Windows® Operating System
   FileDesc:   Microsoft COM for Windows
   FileVer:    10.0.15063.0
   ProdVer:    10.0.15063.0

Module 65
C:\WINDOWS\System32\gdi32full.dll
Image Base: 0x766f0000  Image Size: 0x00159000
File Size:  1411640     File Time:  2017-04-27_033626
Version:
   Company:    Microsoft Corporation
   Product:    Microsoft® Windows® Operating System
   FileDesc:   GDI Client DLL
   FileVer:    10.0.15063.138
   ProdVer:    10.0.15063.138

Module 66
C:\WINDOWS\System32\sechost.dll
Image Base: 0x76850000  Image Size: 0x00041000
File Size:  257792      File Time:  2017-03-18_215846
Version:
   Company:    Microsoft Corporation
   Product:    Microsoft® Windows® Operating System
   FileDesc:   Host for SCM/SDDL/LSA Lookup APIs
   FileVer:    10.0.15063.0
   ProdVer:    10.0.15063.0

Module 67
C:\WINDOWS\System32\SHLWAPI.dll
Image Base: 0x768a0000  Image Size: 0x00045000
File Size:  277432      File Time:  2017-03-18_215858
Version:
   Company:    Microsoft Corporation
   Product:    Microsoft® Windows® Operating System
   FileDesc:   Shell Light-weight Utility Library
   FileVer:    10.0.15063.0
   ProdVer:    10.0.15063.0

Module 68
C:\WINDOWS\System32\KERNELBASE.dll
Image Base: 0x768f0000  Image Size: 0x001c2000
File Size:  1839872     File Time:  2017-03-18_215736
Version:
   Company:    Microsoft Corporation
   Product:    Microsoft® Windows® Operating System
   FileDesc:   Windows NT BASE API Client DLL
   FileVer:    10.0.15063.0
   ProdVer:    10.0.15063.0

Module 69
C:\WINDOWS\System32\PSAPI.DLL
Image Base: 0x76ac0000  Image Size: 0x00006000
File Size:  17112       File Time:  2017-03-18_215840
Version:
   Company:    Microsoft Corporation
   Product:    Microsoft® Windows® Operating System
   FileDesc:   Process Status Helper
   FileVer:    10.0.15063.0
   ProdVer:    10.0.15063.0

Module 70
C:\WINDOWS\System32\ole32.dll
Image Base: 0x76ad0000  Image Size: 0x000f2000
File Size:  986592      File Time:  2017-04-27_033630
Version:
   Company:    Microsoft Corporation
   Product:    Microsoft® Windows® Operating System
   FileDesc:   Microsoft OLE for Windows
   FileVer:    10.0.15063.138
   ProdVer:    10.0.15063.138

Module 71
C:\WINDOWS\System32\OLEAUT32.dll
Image Base: 0x76bd0000  Image Size: 0x00096000
File Size:  605936      File Time:  2017-03-18_215846
Version:
   Company:    Microsoft Corporation
   Product:    Microsoft® Windows® Operating System
   FileDesc:   OLEAUT32.DLL
   FileVer:    10.0.15063.0
   ProdVer:    10.0.15063.0

Module 72
C:\WINDOWS\System32\profapi.dll
Image Base: 0x76c70000  Image Size: 0x00010000
File Size:  59456       File Time:  2017-03-18_215846
Version:
   Company:    Microsoft Corporation
   Product:    Microsoft® Windows® Operating System
   FileDesc:   User Profile Basic API
   FileVer:    10.0.15063.0
   ProdVer:    10.0.15063.0

Module 73
C:\WINDOWS\System32\MSASN1.dll
Image Base: 0x76d70000  Image Size: 0x0000e000
File Size:  49656       File Time:  2017-03-18_215848
Version:
   Company:    Microsoft Corporation
   Product:    Microsoft® Windows® Operating System
   FileDesc:   ASN.1 Runtime APIs
   FileVer:    10.0.15063.0
   ProdVer:    10.0.15063.0

Module 74
C:\WINDOWS\System32\ADVAPI32.dll
Image Base: 0x76de0000  Image Size: 0x00077000
File Size:  480920      File Time:  2017-03-18_215840
Version:
   Company:    Microsoft Corporation
   Product:    Microsoft® Windows® Operating System
   FileDesc:   Advanced Windows 32 Base API
   FileVer:    10.0.15063.0
   ProdVer:    10.0.15063.0

Module 75
C:\WINDOWS\System32\clbcatq.dll
Image Base: 0x76e60000  Image Size: 0x00083000
File Size:  521728      File Time:  2017-03-18_215842
Version:
   Company:    Microsoft Corporation
   Product:    Microsoft® Windows® Operating System
   FileDesc:   COM+ Configuration Catalog
   FileVer:    2001.12.10941.16384
   ProdVer:    10.0.15063.0

Module 76
C:\WINDOWS\System32\NSI.dll
Image Base: 0x76ef0000  Image Size: 0x00007000
File Size:  20216       File Time:  2017-03-18_215736
Version:
   Company:    Microsoft Corporation
   Product:    Microsoft® Windows® Operating System
   FileDesc:   NSI User-mode interface DLL
   FileVer:    10.0.15063.0
   ProdVer:    10.0.15063.0

Module 77
C:\WINDOWS\System32\WS2_32.dll
Image Base: 0x76f00000  Image Size: 0x00067000
File Size:  415864      File Time:  2017-03-18_215846
Version:
   Company:    Microsoft Corporation
   Product:    Microsoft® Windows® Operating System
   FileDesc:   Windows Socket 2.0 32-Bit DLL
   FileVer:    10.0.15063.0
   ProdVer:    10.0.15063.0

Module 78
C:\WINDOWS\System32\bcryptPrimitives.dll
Image Base: 0x76f70000  Image Size: 0x00057000
File Size:  354360      File Time:  2017-04-27_033626
Version:
   Company:    Microsoft Corporation
   Product:    Microsoft® Windows® Operating System
   FileDesc:   Windows Cryptographic Primitives Library
   FileVer:    10.0.15063.138
   ProdVer:    10.0.15063.138

Module 79
C:\WINDOWS\System32\msvcp_win.dll
Image Base: 0x76fd0000  Image Size: 0x00079000
File Size:  491232      File Time:  2017-03-18_215846
Version:
   Company:    Microsoft Corporation
   Product:    Microsoft® Windows® Operating System
   FileDesc:   Microsoft® C Runtime Library
   FileVer:    10.0.15063.0
   ProdVer:    10.0.15063.0

Module 80
C:\WINDOWS\System32\RPCRT4.dll
Image Base: 0x77050000  Image Size: 0x000c0000
File Size:  787712      File Time:  2017-03-18_215846
Version:
   Company:    Microsoft Corporation
   Product:    Microsoft® Windows® Operating System
   FileDesc:   Remote Procedure Call Runtime
   FileVer:    10.0.15063.0
   ProdVer:    10.0.15063.0

Module 81
C:\WINDOWS\System32\msvcrt.dll
Image Base: 0x77170000  Image Size: 0x000bd000
File Size:  769608      File Time:  2017-03-18_215846
Version:
   Company:    Microsoft Corporation
   Product:    Microsoft® Windows® Operating System
   FileDesc:   Windows NT CRT DLL
   FileVer:    7.0.15063.0
   ProdVer:    10.0.15063.0

Module 82
C:\WINDOWS\System32\IMM32.dll
Image Base: 0x77230000  Image Size: 0x00025000
File Size:  143672      File Time:  2017-03-18_215902
Version:
   Company:    Microsoft Corporation
   Product:    Microsoft® Windows® Operating System
   FileDesc:   Multi-User Windows IMM32 API Client DLL
   FileVer:    10.0.15063.0
   ProdVer:    10.0.15063.0

Module 83
C:\WINDOWS\System32\USER32.dll
Image Base: 0x772f0000  Image Size: 0x0013c000
File Size:  1292872     File Time:  2017-03-18_215902
Version:
   Company:    Microsoft Corporation
   Product:    Microsoft® Windows® Operating System
   FileDesc:   Multi-User Windows USER API Client DLL
   FileVer:    10.0.15063.0
   ProdVer:    10.0.15063.0

Module 84
C:\WINDOWS\System32\kernel.appcore.dll
Image Base: 0x77430000  Image Size: 0x0000e000
File Size:  47096       File Time:  2017-03-18_215848
Version:
   Company:    Microsoft Corporation
   Product:    Microsoft® Windows® Operating System
   FileDesc:   AppModel API Host
   FileVer:    10.0.15063.0
   ProdVer:    10.0.15063.0

Module 85
C:\WINDOWS\System32\MSCTF.dll
Image Base: 0x77440000  Image Size: 0x00146000
File Size:  1333136     File Time:  2017-03-18_215900
Version:
   Company:    Microsoft Corporation
   Product:    Microsoft® Windows® Operating System
   FileDesc:   MSCTF Server DLL
   FileVer:    10.0.15063.0
   ProdVer:    10.0.15063.0

Module 86
C:\WINDOWS\System32\shcore.dll
Image Base: 0x77590000  Image Size: 0x0008c000
File Size:  569264      File Time:  2017-03-18_215856
Version:
   Company:    Microsoft Corporation
   Product:    Microsoft® Windows® Operating System
   FileDesc:   SHCORE
   FileVer:    10.0.15063.0
   ProdVer:    10.0.15063.0

Module 87
C:\WINDOWS\SYSTEM32\ntdll.dll
Image Base: 0x77620000  Image Size: 0x0018e000
File Size:  1620368     File Time:  2017-03-18_215846
Version:
   Company:    Microsoft Corporation
   Product:    Microsoft® Windows® Operating System
   FileDesc:   NT Layer DLL
   FileVer:    10.0.15063.0
   ProdVer:    10.0.15063.0


== [end of error.log] ==
